<?xml version="1.0" encoding="UTF-8"?>
<!-- Generated by org.testng.reporters.JUnitReportReporter -->
<testsuite hostname="DESKTOP-M4O5OHL" failures="0" tests="1" name="seleniumframework.ErroeValidation" time="0.609" errors="0" timestamp="2024-10-21T12:41:01 IST" skipped="0">
  <testcase classname="seleniumframework.ErroeValidation" name="errorValiation" time="0.609"/>
</testsuite> <!-- seleniumframework.ErroeValidation -->
