<?xml version="1.0" encoding="UTF-8"?>
<!-- Generated by org.testng.reporters.JUnitReportReporter -->
<testsuite hostname="DESKTOP-M4O5OHL" failures="0" tests="1" name="seleniumframework.SubmitOrderTest" time="9.976" errors="0" timestamp="2024-11-02T19:20:13 IST" skipped="0">
  <testcase classname="seleniumframework.SubmitOrderTest" name="OrderHistoryValidation" time="9.976"/>
</testsuite> <!-- seleniumframework.SubmitOrderTest -->
