<?xml version="1.0" encoding="UTF-8"?>
<!-- Generated by org.testng.reporters.JUnitReportReporter -->
<testsuite hostname="DESKTOP-M4O5OHL" failures="0" tests="1" name="seleniumframework.StandAloneTest2" time="19.512" errors="0" timestamp="2024-10-21T11:57:28 IST" skipped="0">
  <testcase classname="seleniumframework.StandAloneTest2" name="submitOrder" time="19.512"/>
</testsuite> <!-- seleniumframework.StandAloneTest2 -->
