<?xml version="1.0" encoding="UTF-8"?>
<!-- Generated by org.testng.reporters.JUnitReportReporter -->
<testsuite hostname="DESKTOP-M4O5OHL" failures="0" tests="1" name="seleniumframework.LoginTestCase" time="11.410" errors="0" timestamp="2024-12-30T19:44:51 IST" skipped="0">
  <testcase classname="seleniumframework.LoginTestCase" name="Login" time="11.410"/>
</testsuite> <!-- seleniumframework.LoginTestCase -->
