<?xml version="1.0" encoding="UTF-8"?>
<!-- Generated by org.testng.reporters.JUnitReportReporter -->
<testsuite hostname="DESKTOP-M4O5OHL" failures="0" tests="1" name="seleniumframework.LoginTestCase" time="8.828" errors="0" timestamp="2024-12-27T15:43:58 IST" skipped="0">
  <testcase classname="seleniumframework.LoginTestCase" name="Login" time="8.828"/>
</testsuite> <!-- seleniumframework.LoginTestCase -->
